15:23:29 INFO  Fuseki          :: Apache Jena Fuseki 6.0.0
15:23:29 INFO  Config          :: Fuseki Base = /home/pdosquet/projects/M3/kg_project_imdb_2026/run
15:23:29 INFO  Config          :: Database: /books
15:23:29 INFO  Config          :: UI Base: fuseki-server.jar
15:23:29 INFO  Shiro           :: Shiro configuration: file:/home/pdosquet/projects/M3/kg_project_imdb_2026/run/shiro.ini
15:23:29 INFO  Server          :: Path = /books
15:23:29 INFO  Server          :: System
15:23:29 INFO  Server          ::   Memory: 4.0 GiB
15:23:29 INFO  Server          ::   PID:    126021
15:23:30 INFO  Server          ::   Port:   http=3032
15:23:30 INFO  Server          :: Start Fuseki
15:23:42 INFO  Fuseki          :: [1] POST http://localhost:3032/books/data?default
15:23:43 INFO  Fuseki          :: [1] Body: Content-Length=34653, Content-Type=text/turtle, Charset=null => Turtle : Count=471 Triples=471 Quads=0
15:23:43 INFO  Fuseki          :: [1] 200 OK (79 ms)
15:23:43 INFO  Fuseki          :: [2] POST http://localhost:3032/books/data?default
15:23:43 INFO  Fuseki          :: [2] Body: Content-Length=10706, Content-Type=text/turtle, Charset=null => Turtle : Count=63 Triples=63 Quads=0
15:23:43 INFO  Fuseki          :: [2] 200 OK (6 ms)
15:23:43 INFO  Fuseki          :: [3] POST http://localhost:3032/books/data?default
15:23:43 INFO  Fuseki          :: [3] Body: Content-Length=109573, Content-Type=application/n-triples, Charset=null => N-Triples : Count=651 Triples=651 Quads=0
15:23:43 INFO  Fuseki          :: [3] 200 OK (20 ms)
15:23:43 INFO  Fuseki          :: [4] GET http://localhost:3032/books/sparql?query=SELECT+%28COUNT%28%2a%29+AS+%3fn%29+WHERE+%7b+%3fs+%3fp+%3fo+%7d
15:23:43 INFO  Fuseki          :: [4] Query = SELECT (COUNT(*) AS ?n) WHERE { ?s ?p ?o }
15:23:43 INFO  Fuseki          :: [4] 200 OK (135 ms)
15:23:43 INFO  Fuseki          :: [5] GET http://localhost:3032/books/sparql?query=SELECT+%28COUNT%28%2a%29+AS+%3fn%29+WHERE+%7b+%3fs+%3fp+%3fo+%7d
15:23:43 INFO  Fuseki          :: [5] Query = SELECT (COUNT(*) AS ?n) WHERE { ?s ?p ?o }
15:23:43 INFO  Fuseki          :: [5] 200 OK (16 ms)
